<?xml version="1.0" encoding="UTF-8"?>
<testsuite xmlns:xsi="http://www.w3.org/2001/XMLSchema-instance" xsi:noNamespaceSchemaLocation="https://maven.apache.org/surefire/maven-surefire-plugin/xsd/surefire-test-report.xsd" name="com.example.AppTest" time="0.045" tests="1" errors="0" skipped="0" failures="0">
  <properties>
    <property name="java.specification.version" value="21"/>
    <property name="sun.cpu.isalist" value="amd64"/>
    <property name="sun.jnu.encoding" value="Cp1252"/>
    <property name="java.class.path" value="C:\Users\maxen\Desktop\Java\ssa\temp\SSA\target\test-classes;C:\Users\maxen\Desktop\Java\ssa\temp\SSA\target\classes;C:\Users\maxen\.m2\repository\org\orekit\orekit\13.1\orekit-13.1.jar;C:\Users\maxen\.m2\repository\org\hipparchus\hipparchus-core\4.0.1\hipparchus-core-4.0.1.jar;C:\Users\maxen\.m2\repository\org\hipparchus\hipparchus-geometry\4.0.1\hipparchus-geometry-4.0.1.jar;C:\Users\maxen\.m2\repository\org\hipparchus\hipparchus-ode\4.0.1\hipparchus-ode-4.0.1.jar;C:\Users\maxen\.m2\repository\org\hipparchus\hipparchus-fitting\4.0.1\hipparchus-fitting-4.0.1.jar;C:\Users\maxen\.m2\repository\org\hipparchus\hipparchus-optim\4.0.1\hipparchus-optim-4.0.1.jar;C:\Users\maxen\.m2\repository\org\hipparchus\hipparchus-filtering\4.0.1\hipparchus-filtering-4.0.1.jar;C:\Users\maxen\.m2\repository\org\hipparchus\hipparchus-stat\4.0.1\hipparchus-stat-4.0.1.jar;C:\Users\maxen\.m2\repository\junit\junit\4.13.2\junit-4.13.2.jar;C:\Users\maxen\.m2\repository\org\hamcrest\hamcrest-core\1.3\hamcrest-core-1.3.jar;C:\Users\maxen\.m2\repository\org\jzy3d\jzy3d-core\2.2.1\jzy3d-core-2.2.1.jar;C:\Users\maxen\.m2\repository\org\jzy3d\jzy3d-jdt-core\2.2.1\jzy3d-jdt-core-2.2.1.jar;C:\Users\maxen\.m2\repository\commons-io\commons-io\2.7\commons-io-2.7.jar;C:\Users\maxen\.m2\repository\org\apache\commons\commons-lang3\3.12.0\commons-lang3-3.12.0.jar;C:\Users\maxen\.m2\repository\org\smurn\jply\0.2.1\jply-0.2.1.jar;C:\Users\maxen\.m2\repository\net\sf\opencsv\opencsv\2.1\opencsv-2.1.jar;C:\Users\maxen\.m2\repository\org\tallison\jmatio\1.5\jmatio-1.5.jar;C:\Users\maxen\.m2\repository\org\slf4j\slf4j-api\1.7.25\slf4j-api-1.7.25.jar;C:\Users\maxen\.m2\repository\com\google\guava\guava\30.1.1-jre\guava-30.1.1-jre.jar;C:\Users\maxen\.m2\repository\com\google\guava\failureaccess\1.0.1\failureaccess-1.0.1.jar;C:\Users\maxen\.m2\repository\com\google\guava\listenablefuture\9999.0-empty-to-avoid-conflict-with-guava\listenablefuture-9999.0-empty-to-avoid-conflict-with-guava.jar;C:\Users\maxen\.m2\repository\com\google\code\findbugs\jsr305\3.0.2\jsr305-3.0.2.jar;C:\Users\maxen\.m2\repository\org\checkerframework\checker-qual\3.8.0\checker-qual-3.8.0.jar;C:\Users\maxen\.m2\repository\com\google\errorprone\error_prone_annotations\2.5.1\error_prone_annotations-2.5.1.jar;C:\Users\maxen\.m2\repository\com\google\j2objc\j2objc-annotations\1.3\j2objc-annotations-1.3.jar;C:\Users\maxen\.m2\repository\org\apache\commons\commons-collections4\4.4\commons-collections4-4.4.jar;C:\Users\maxen\.m2\repository\com\diogonunes\JColor\5.2.0\JColor-5.2.0.jar;C:\Users\maxen\.m2\repository\net\java\dev\jna\jna\5.8.0\jna-5.8.0.jar;C:\Users\maxen\.m2\repository\net\java\dev\jna\jna-platform\5.8.0\jna-platform-5.8.0.jar;C:\Users\maxen\.m2\repository\org\apache\logging\log4j\log4j-api\2.17.1\log4j-api-2.17.1.jar;C:\Users\maxen\.m2\repository\org\apache\logging\log4j\log4j-core\2.17.1\log4j-core-2.17.1.jar;C:\Users\maxen\.m2\repository\org\jzy3d\jzy3d-native-jogl-awt\2.2.1\jzy3d-native-jogl-awt-2.2.1.jar;C:\Users\maxen\.m2\repository\org\jzy3d\jzy3d-core-awt\2.2.1\jzy3d-core-awt-2.2.1.jar;C:\Users\maxen\.m2\repository\org\jzy3d\jzy3d-native-jogl-core\2.2.1\jzy3d-native-jogl-core-2.2.1.jar;C:\Users\maxen\.m2\repository\org\jogamp\jogl\jogl-all\v2.4.0-rc4\jogl-all-v2.4.0-rc4.jar;C:\Users\maxen\.m2\repository\org\jogamp\jogl\jogl-all-natives-linux-aarch64\v2.4.0-rc4\jogl-all-natives-linux-aarch64-v2.4.0-rc4.jar;C:\Users\maxen\.m2\repository\org\jogamp\jogl\jogl-all-natives-linux-amd64\v2.4.0-rc4\jogl-all-natives-linux-amd64-v2.4.0-rc4.jar;C:\Users\maxen\.m2\repository\org\jogamp\jogl\jogl-all-natives-linux-armv6hf\v2.4.0-rc4\jogl-all-natives-linux-armv6hf-v2.4.0-rc4.jar;C:\Users\maxen\.m2\repository\org\jogamp\jogl\jogl-all-natives-linux-i586\v2.4.0-rc4\jogl-all-natives-linux-i586-v2.4.0-rc4.jar;C:\Users\maxen\.m2\repository\org\jogamp\jogl\jogl-all-natives-macosx-universal\v2.4.0-rc4\jogl-all-natives-macosx-universal-v2.4.0-rc4.jar;C:\Users\maxen\.m2\repository\org\jogamp\jogl\jogl-all-natives-windows-amd64\v2.4.0-rc4\jogl-all-natives-windows-amd64-v2.4.0-rc4.jar;C:\Users\maxen\.m2\repository\org\jogamp\jogl\jogl-all-natives-windows-i586\v2.4.0-rc4\jogl-all-natives-windows-i586-v2.4.0-rc4.jar;C:\Users\maxen\.m2\repository\org\jogamp\gluegen\gluegen-rt\v2.4.0-rc4\gluegen-rt-v2.4.0-rc4.jar;C:\Users\maxen\.m2\repository\org\jogamp\gluegen\gluegen-rt-natives-macosx-universal\v2.4.0-rc4\gluegen-rt-natives-macosx-universal-v2.4.0-rc4.jar;C:\Users\maxen\.m2\repository\org\jogamp\gluegen\gluegen-rt-natives-linux-aarch64\v2.4.0-rc4\gluegen-rt-natives-linux-aarch64-v2.4.0-rc4.jar;C:\Users\maxen\.m2\repository\org\jogamp\gluegen\gluegen-rt-natives-linux-amd64\v2.4.0-rc4\gluegen-rt-natives-linux-amd64-v2.4.0-rc4.jar;C:\Users\maxen\.m2\repository\org\jogamp\gluegen\gluegen-rt-natives-linux-armv6hf\v2.4.0-rc4\gluegen-rt-natives-linux-armv6hf-v2.4.0-rc4.jar;C:\Users\maxen\.m2\repository\org\jogamp\gluegen\gluegen-rt-natives-linux-i586\v2.4.0-rc4\gluegen-rt-natives-linux-i586-v2.4.0-rc4.jar;C:\Users\maxen\.m2\repository\org\jogamp\gluegen\gluegen-rt-natives-windows-amd64\v2.4.0-rc4\gluegen-rt-natives-windows-amd64-v2.4.0-rc4.jar;C:\Users\maxen\.m2\repository\org\jogamp\gluegen\gluegen-rt-natives-windows-i586\v2.4.0-rc4\gluegen-rt-natives-windows-i586-v2.4.0-rc4.jar;C:\Users\maxen\.m2\repository\org\jzy3d\jzy3d-native-jogl-core\2.2.1\jzy3d-native-jogl-core-2.2.1-tests.jar;C:\Users\maxen\.m2\repository\org\jzy3d\jzy3d-core\2.2.1\jzy3d-core-2.2.1-tests.jar;C:\Users\maxen\.m2\repository\org\jzy3d\jzy3d-native-jogl-swing\2.2.1\jzy3d-native-jogl-swing-2.2.1.jar;C:\Users\maxen\.m2\repository\com\miglayout\miglayout\3.7.4\miglayout-3.7.4.jar;C:\Users\maxen\.m2\repository\org\jzy3d\jzy3d-native-jogl-newt\2.2.1\jzy3d-native-jogl-newt-2.2.1.jar;C:\Users\maxen\.m2\repository\org\jzy3d\jzy3d-native-jogl-swt\2.2.1\jzy3d-native-jogl-swt-2.2.1.jar;C:\Users\maxen\.m2\repository\org\eclipse\platform\org.eclipse.swt\3.116.100\org.eclipse.swt-3.116.100.jar;C:\Users\maxen\.m2\repository\org\eclipse\platform\org.eclipse.jface\3.12.1\org.eclipse.jface-3.12.1.jar;C:\Users\maxen\.m2\repository\org\eclipse\platform\org.eclipse.core.commands\3.12.400\org.eclipse.core.commands-3.12.400.jar;C:\Users\maxen\.m2\repository\org\eclipse\platform\org.eclipse.equinox.common\3.20.100\org.eclipse.equinox.common-3.20.100.jar;C:\Users\maxen\.m2\repository\org\eclipse\platform\org.eclipse.osgi\3.23.100\org.eclipse.osgi-3.23.100.jar;C:\Users\maxen\.m2\repository\org\jzy3d\jzy3d-tester-native\2.2.1\jzy3d-tester-native-2.2.1.jar;C:\Users\maxen\.m2\repository\org\jzy3d\jzy3d-tester\2.2.1\jzy3d-tester-2.2.1.jar;"/>
    <property name="java.vm.vendor" value="Eclipse Adoptium"/>
    <property name="sun.arch.data.model" value="64"/>
    <property name="user.variant" value=""/>
    <property name="java.vendor.url" value="https://adoptium.net/"/>
    <property name="user.timezone" value="Europe/Paris"/>
    <property name="os.name" value="Windows 11"/>
    <property name="java.vm.specification.version" value="21"/>
    <property name="sun.java.launcher" value="SUN_STANDARD"/>
    <property name="user.country" value="FR"/>
    <property name="sun.boot.library.path" value="C:\Program Files\Eclipse Adoptium\jdk-21.0.8.9-hotspot\bin"/>
    <property name="sun.java.command" value="C:\Users\maxen\AppData\Local\Temp\surefire7186572820206637927\surefirebooter17172545362413440064.jar C:\Users\maxen\AppData\Local\Temp\surefire7186572820206637927 2025-09-02T22-03-09_458-jvmRun1 surefire6571451368479067340tmp surefire_016587819781318344438tmp"/>
    <property name="jdk.debug" value="release"/>
    <property name="surefire.test.class.path" value="C:\Users\maxen\Desktop\Java\ssa\temp\SSA\target\test-classes;C:\Users\maxen\Desktop\Java\ssa\temp\SSA\target\classes;C:\Users\maxen\.m2\repository\org\orekit\orekit\13.1\orekit-13.1.jar;C:\Users\maxen\.m2\repository\org\hipparchus\hipparchus-core\4.0.1\hipparchus-core-4.0.1.jar;C:\Users\maxen\.m2\repository\org\hipparchus\hipparchus-geometry\4.0.1\hipparchus-geometry-4.0.1.jar;C:\Users\maxen\.m2\repository\org\hipparchus\hipparchus-ode\4.0.1\hipparchus-ode-4.0.1.jar;C:\Users\maxen\.m2\repository\org\hipparchus\hipparchus-fitting\4.0.1\hipparchus-fitting-4.0.1.jar;C:\Users\maxen\.m2\repository\org\hipparchus\hipparchus-optim\4.0.1\hipparchus-optim-4.0.1.jar;C:\Users\maxen\.m2\repository\org\hipparchus\hipparchus-filtering\4.0.1\hipparchus-filtering-4.0.1.jar;C:\Users\maxen\.m2\repository\org\hipparchus\hipparchus-stat\4.0.1\hipparchus-stat-4.0.1.jar;C:\Users\maxen\.m2\repository\junit\junit\4.13.2\junit-4.13.2.jar;C:\Users\maxen\.m2\repository\org\hamcrest\hamcrest-core\1.3\hamcrest-core-1.3.jar;C:\Users\maxen\.m2\repository\org\jzy3d\jzy3d-core\2.2.1\jzy3d-core-2.2.1.jar;C:\Users\maxen\.m2\repository\org\jzy3d\jzy3d-jdt-core\2.2.1\jzy3d-jdt-core-2.2.1.jar;C:\Users\maxen\.m2\repository\commons-io\commons-io\2.7\commons-io-2.7.jar;C:\Users\maxen\.m2\repository\org\apache\commons\commons-lang3\3.12.0\commons-lang3-3.12.0.jar;C:\Users\maxen\.m2\repository\org\smurn\jply\0.2.1\jply-0.2.1.jar;C:\Users\maxen\.m2\repository\net\sf\opencsv\opencsv\2.1\opencsv-2.1.jar;C:\Users\maxen\.m2\repository\org\tallison\jmatio\1.5\jmatio-1.5.jar;C:\Users\maxen\.m2\repository\org\slf4j\slf4j-api\1.7.25\slf4j-api-1.7.25.jar;C:\Users\maxen\.m2\repository\com\google\guava\guava\30.1.1-jre\guava-30.1.1-jre.jar;C:\Users\maxen\.m2\repository\com\google\guava\failureaccess\1.0.1\failureaccess-1.0.1.jar;C:\Users\maxen\.m2\repository\com\google\guava\listenablefuture\9999.0-empty-to-avoid-conflict-with-guava\listenablefuture-9999.0-empty-to-avoid-conflict-with-guava.jar;C:\Users\maxen\.m2\repository\com\google\code\findbugs\jsr305\3.0.2\jsr305-3.0.2.jar;C:\Users\maxen\.m2\repository\org\checkerframework\checker-qual\3.8.0\checker-qual-3.8.0.jar;C:\Users\maxen\.m2\repository\com\google\errorprone\error_prone_annotations\2.5.1\error_prone_annotations-2.5.1.jar;C:\Users\maxen\.m2\repository\com\google\j2objc\j2objc-annotations\1.3\j2objc-annotations-1.3.jar;C:\Users\maxen\.m2\repository\org\apache\commons\commons-collections4\4.4\commons-collections4-4.4.jar;C:\Users\maxen\.m2\repository\com\diogonunes\JColor\5.2.0\JColor-5.2.0.jar;C:\Users\maxen\.m2\repository\net\java\dev\jna\jna\5.8.0\jna-5.8.0.jar;C:\Users\maxen\.m2\repository\net\java\dev\jna\jna-platform\5.8.0\jna-platform-5.8.0.jar;C:\Users\maxen\.m2\repository\org\apache\logging\log4j\log4j-api\2.17.1\log4j-api-2.17.1.jar;C:\Users\maxen\.m2\repository\org\apache\logging\log4j\log4j-core\2.17.1\log4j-core-2.17.1.jar;C:\Users\maxen\.m2\repository\org\jzy3d\jzy3d-native-jogl-awt\2.2.1\jzy3d-native-jogl-awt-2.2.1.jar;C:\Users\maxen\.m2\repository\org\jzy3d\jzy3d-core-awt\2.2.1\jzy3d-core-awt-2.2.1.jar;C:\Users\maxen\.m2\repository\org\jzy3d\jzy3d-native-jogl-core\2.2.1\jzy3d-native-jogl-core-2.2.1.jar;C:\Users\maxen\.m2\repository\org\jogamp\jogl\jogl-all\v2.4.0-rc4\jogl-all-v2.4.0-rc4.jar;C:\Users\maxen\.m2\repository\org\jogamp\jogl\jogl-all-natives-linux-aarch64\v2.4.0-rc4\jogl-all-natives-linux-aarch64-v2.4.0-rc4.jar;C:\Users\maxen\.m2\repository\org\jogamp\jogl\jogl-all-natives-linux-amd64\v2.4.0-rc4\jogl-all-natives-linux-amd64-v2.4.0-rc4.jar;C:\Users\maxen\.m2\repository\org\jogamp\jogl\jogl-all-natives-linux-armv6hf\v2.4.0-rc4\jogl-all-natives-linux-armv6hf-v2.4.0-rc4.jar;C:\Users\maxen\.m2\repository\org\jogamp\jogl\jogl-all-natives-linux-i586\v2.4.0-rc4\jogl-all-natives-linux-i586-v2.4.0-rc4.jar;C:\Users\maxen\.m2\repository\org\jogamp\jogl\jogl-all-natives-macosx-universal\v2.4.0-rc4\jogl-all-natives-macosx-universal-v2.4.0-rc4.jar;C:\Users\maxen\.m2\repository\org\jogamp\jogl\jogl-all-natives-windows-amd64\v2.4.0-rc4\jogl-all-natives-windows-amd64-v2.4.0-rc4.jar;C:\Users\maxen\.m2\repository\org\jogamp\jogl\jogl-all-natives-windows-i586\v2.4.0-rc4\jogl-all-natives-windows-i586-v2.4.0-rc4.jar;C:\Users\maxen\.m2\repository\org\jogamp\gluegen\gluegen-rt\v2.4.0-rc4\gluegen-rt-v2.4.0-rc4.jar;C:\Users\maxen\.m2\repository\org\jogamp\gluegen\gluegen-rt-natives-macosx-universal\v2.4.0-rc4\gluegen-rt-natives-macosx-universal-v2.4.0-rc4.jar;C:\Users\maxen\.m2\repository\org\jogamp\gluegen\gluegen-rt-natives-linux-aarch64\v2.4.0-rc4\gluegen-rt-natives-linux-aarch64-v2.4.0-rc4.jar;C:\Users\maxen\.m2\repository\org\jogamp\gluegen\gluegen-rt-natives-linux-amd64\v2.4.0-rc4\gluegen-rt-natives-linux-amd64-v2.4.0-rc4.jar;C:\Users\maxen\.m2\repository\org\jogamp\gluegen\gluegen-rt-natives-linux-armv6hf\v2.4.0-rc4\gluegen-rt-natives-linux-armv6hf-v2.4.0-rc4.jar;C:\Users\maxen\.m2\repository\org\jogamp\gluegen\gluegen-rt-natives-linux-i586\v2.4.0-rc4\gluegen-rt-natives-linux-i586-v2.4.0-rc4.jar;C:\Users\maxen\.m2\repository\org\jogamp\gluegen\gluegen-rt-natives-windows-amd64\v2.4.0-rc4\gluegen-rt-natives-windows-amd64-v2.4.0-rc4.jar;C:\Users\maxen\.m2\repository\org\jogamp\gluegen\gluegen-rt-natives-windows-i586\v2.4.0-rc4\gluegen-rt-natives-windows-i586-v2.4.0-rc4.jar;C:\Users\maxen\.m2\repository\org\jzy3d\jzy3d-native-jogl-core\2.2.1\jzy3d-native-jogl-core-2.2.1-tests.jar;C:\Users\maxen\.m2\repository\org\jzy3d\jzy3d-core\2.2.1\jzy3d-core-2.2.1-tests.jar;C:\Users\maxen\.m2\repository\org\jzy3d\jzy3d-native-jogl-swing\2.2.1\jzy3d-native-jogl-swing-2.2.1.jar;C:\Users\maxen\.m2\repository\com\miglayout\miglayout\3.7.4\miglayout-3.7.4.jar;C:\Users\maxen\.m2\repository\org\jzy3d\jzy3d-native-jogl-newt\2.2.1\jzy3d-native-jogl-newt-2.2.1.jar;C:\Users\maxen\.m2\repository\org\jzy3d\jzy3d-native-jogl-swt\2.2.1\jzy3d-native-jogl-swt-2.2.1.jar;C:\Users\maxen\.m2\repository\org\eclipse\platform\org.eclipse.swt\3.116.100\org.eclipse.swt-3.116.100.jar;C:\Users\maxen\.m2\repository\org\eclipse\platform\org.eclipse.jface\3.12.1\org.eclipse.jface-3.12.1.jar;C:\Users\maxen\.m2\repository\org\eclipse\platform\org.eclipse.core.commands\3.12.400\org.eclipse.core.commands-3.12.400.jar;C:\Users\maxen\.m2\repository\org\eclipse\platform\org.eclipse.equinox.common\3.20.100\org.eclipse.equinox.common-3.20.100.jar;C:\Users\maxen\.m2\repository\org\eclipse\platform\org.eclipse.osgi\3.23.100\org.eclipse.osgi-3.23.100.jar;C:\Users\maxen\.m2\repository\org\jzy3d\jzy3d-tester-native\2.2.1\jzy3d-tester-native-2.2.1.jar;C:\Users\maxen\.m2\repository\org\jzy3d\jzy3d-tester\2.2.1\jzy3d-tester-2.2.1.jar;"/>
    <property name="sun.cpu.endian" value="little"/>
    <property name="user.home" value="C:\Users\maxen"/>
    <property name="user.language" value="fr"/>
    <property name="java.specification.vendor" value="Oracle Corporation"/>
    <property name="java.version.date" value="2025-07-15"/>
    <property name="java.home" value="C:\Program Files\Eclipse Adoptium\jdk-21.0.8.9-hotspot"/>
    <property name="file.separator" value="\"/>
    <property name="basedir" value="C:\Users\maxen\Desktop\Java\ssa\temp\SSA"/>
    <property name="java.vm.compressedOopsMode" value="Zero based"/>
    <property name="line.separator" value="&#10;"/>
    <property name="java.vm.specification.vendor" value="Oracle Corporation"/>
    <property name="java.specification.name" value="Java Platform API Specification"/>
    <property name="surefire.real.class.path" value="C:\Users\maxen\AppData\Local\Temp\surefire7186572820206637927\surefirebooter17172545362413440064.jar"/>
    <property name="user.script" value=""/>
    <property name="sun.management.compiler" value="HotSpot 64-Bit Tiered Compilers"/>
    <property name="java.runtime.version" value="21.0.8+9-LTS"/>
    <property name="user.name" value="maxen"/>
    <property name="stdout.encoding" value="Cp1252"/>
    <property name="path.separator" value=";"/>
    <property name="os.version" value="10.0"/>
    <property name="java.runtime.name" value="OpenJDK Runtime Environment"/>
    <property name="file.encoding" value="UTF-8"/>
    <property name="java.vm.name" value="OpenJDK 64-Bit Server VM"/>
    <property name="java.vendor.version" value="Temurin-21.0.8+9"/>
    <property name="localRepository" value="C:\Users\maxen\.m2\repository"/>
    <property name="java.vendor.url.bug" value="https://github.com/adoptium/adoptium-support/issues"/>
    <property name="java.io.tmpdir" value="C:\Users\maxen\AppData\Local\Temp\"/>
    <property name="java.version" value="21.0.8"/>
    <property name="user.dir" value="C:\Users\maxen\Desktop\Java\ssa\temp\SSA"/>
    <property name="os.arch" value="amd64"/>
    <property name="java.vm.specification.name" value="Java Virtual Machine Specification"/>
    <property name="sun.os.patch.level" value=""/>
    <property name="native.encoding" value="Cp1252"/>
    <property name="java.library.path" value="C:\Program Files\Eclipse Adoptium\jdk-21.0.8.9-hotspot\bin;C:\WINDOWS\Sun\Java\bin;C:\WINDOWS\system32;C:\WINDOWS;C:\Program Files\Eclipse Adoptium\jdk-21.0.8.9-hotspot\bin;C:\Users\maxen\Desktop\Java\apache-maven-3.9.11\bin;C:\Program Files\Git\bin;C:\windows\system32;C:\windows;C:\windows\System32\Wbem;C:\windows\System32\WindowsPowerShell\v1.0\;C:\windows\System32\OpenSSH\;C:\Program Files (x86)\NVIDIA Corporation\PhysX\Common;C:\Program Files\NVIDIA Corporation\NVIDIA NvDLISR;C:\Program Files\dotnet\;C:\Program Files\nodejs\;C:\WINDOWS\system32;C:\WINDOWS;C:\WINDOWS\System32\Wbem;C:\WINDOWS\System32\WindowsPowerShell\v1.0\;C:\WINDOWS\System32\OpenSSH\;C:\Program Files\Git\cmd;C:\Users\maxen\AppData\Local\Programs\Python\Python313;C:\Users\maxen\AppData\Local\Programs\Python\Python313\Scripts;C:\Users\maxen\AppData\Local\Microsoft\WindowsApps;C:\Users\maxen\AppData\Local\Programs\Microsoft VS Code\bin;C:\Users\maxen\AppData\Roaming\npm;;c:\Users\maxen\.vscode\extensions\ms-python.debugpy-2025.10.0-win32-x64\bundled\scripts\noConfigScripts;c:\Users\maxen\AppData\Roaming\Code\User\globalStorage\github.copilot-chat\debugCommand;."/>
    <property name="java.vm.info" value="mixed mode, sharing"/>
    <property name="stderr.encoding" value="Cp1252"/>
    <property name="java.vendor" value="Eclipse Adoptium"/>
    <property name="java.vm.version" value="21.0.8+9-LTS"/>
    <property name="sun.io.unicode.encoding" value="UnicodeLittle"/>
    <property name="java.class.version" value="65.0"/>
  </properties>
  <testcase name="shouldAnswerWithTrue" classname="com.example.AppTest" time="0.006"/>
</testsuite>